<?xml version="1.0" encoding="UTF-8"?>
<!-- Generated by org.testng.reporters.JUnitXMLReporter -->
<testsuite ignored="2" hostname="PMLDVBALAJID" failures="0" tests="1" name="Test1" time="0.053" errors="0" timestamp="2024-05-16T18:33:23 IST">
  <testcase classname="com.beforeAfterGroup.TestBeforeAfterGrou" name="regression" time="0.004"/>
  <testcase classname="com.beforeAfterGroup.TestBeforeAfterGrou" name="sanity_2" time="0.0">
    <ignored/>
  </testcase> <!-- sanity_2 -->
  <testcase classname="com.beforeAfterGroup.TestBeforeAfterGrou" name="sanity_1" time="0.0">
    <ignored/>
  </testcase> <!-- sanity_1 -->
</testsuite> <!-- Test1 -->
