<?xml version="1.0" encoding="UTF-8"?>
<!-- Generated by org.testng.reporters.JUnitXMLReporter -->
<testsuite ignored="5" hostname="DESKTOP-JUC4I42" failures="0" tests="2" name="Personal loan" time="0.053" errors="0" timestamp="2024-05-22T21:49:32 PDT">
  <testcase classname="com.testng.parameter.exaples.TestExample3" name="testBeforeTest" time="0.007"/>
  <testcase classname="com.testng.parameter.exaples.TestExample3" name="testOne" time="0.001"/>
  <testcase classname="com.testng.parameter.exaples.TestExample2" name="testBus" time="0.0">
    <ignored/>
  </testcase> <!-- testBus -->
  <testcase classname="com.testng.parameter.exaples.TestExample3" name="testThree" time="0.0">
    <ignored/>
  </testcase> <!-- testThree -->
  <testcase classname="com.testng.parameter.exaples.TestExample2" name="testCar" time="0.0">
    <ignored/>
  </testcase> <!-- testCar -->
  <testcase classname="com.testng.parameter.exaples.TestExample3" name="testTwo" time="0.0">
    <ignored/>
  </testcase> <!-- testTwo -->
  <testcase classname="com.testng.parameter.exaples.TestExample2" name="testTruck" time="0.0">
    <ignored/>
  </testcase> <!-- testTruck -->
</testsuite> <!-- Personal loan -->
