<?xml version="1.0" encoding="UTF-8"?>
<!-- Generated by org.testng.reporters.JUnitXMLReporter -->
<testsuite ignored="1" hostname="PMLDVBALAJID" failures="0" tests="6" name="Personal loan1" time="0.052" errors="0" timestamp="2024-05-16T19:53:34 IST">
  <testcase classname="com.testng.exaples.TestExample3" name="testBeforeTest" time="0.005"/>
  <testcase classname="com.testng.exaples.TestExample2" name="testCar" time="0.005"/>
  <testcase classname="com.testng.exaples.TestExample2" name="testTruck" time="0.001"/>
  <testcase classname="com.testng.exaples.TestExample3" name="testOne" time="0.002"/>
  <testcase classname="com.testng.exaples.TestExample3" name="testThree" time="0.002"/>
  <testcase classname="com.testng.exaples.TestExample3" name="testTwo" time="0.001"/>
  <testcase classname="com.testng.exaples.TestExample2" name="testBus" time="0.0">
    <ignored/>
  </testcase> <!-- testBus -->
</testsuite> <!-- Personal loan1 -->
