<?xml version="1.0" encoding="UTF-8"?>
<testng-results ignored="0" total="1" passed="1" failed="0" skipped="0">
  <reporter-output>
  </reporter-output>
  <suite started-at="2024-05-30T17:29:38 PDT" name="Default suite" finished-at="2024-05-30T17:30:37 PDT" duration-ms="58354">
    <groups>
    </groups>
    <test started-at="2024-05-30T17:29:38 PDT" name="Default test" finished-at="2024-05-30T17:30:37 PDT" duration-ms="58354">
      <class name="com.action.practice.TestAction">
        <test-method is-config="true" signature="setUp()[pri:0, instance:com.action.practice.TestAction@2e8c1c9b]" started-at="2024-05-30T17:29:38 PDT" name="setUp" finished-at="2024-05-30T17:29:40 PDT" duration-ms="1377" status="PASS">
          <reporter-output>
          </reporter-output>
        </test-method> <!-- setUp -->
        <test-method signature="mouseHoverTest()[pri:0, instance:com.action.practice.TestAction@2e8c1c9b]" started-at="2024-05-30T17:29:40 PDT" name="mouseHoverTest" finished-at="2024-05-30T17:30:37 PDT" duration-ms="56940" status="PASS">
          <reporter-output>
          </reporter-output>
        </test-method> <!-- mouseHoverTest -->
      </class> <!-- com.action.practice.TestAction -->
    </test> <!-- Default test -->
  </suite> <!-- Default suite -->
</testng-results>
